EV NUM/ERR F/F ID     LEN R/D   D0  D1  D2  D3  D4  D5  D6  D7 TIMESTAMP  DD MM YYYY TIME          
RX 0000318 EFF 14FF1605 8 HEX   7D  7D  7D  7D  EE  00  E8  03 0033299735 07.05.2022 14:10:08.135 0030958108 0675314032
RX 0000319 EFF 14FF2503 8 HEX   00  FF  FF  FF  FF  FF  FF  FF 0033300335 07.05.2022 14:10:08.135 0030958108 0675314032
RX 0000320 EFF 14FF0F07 8 HEX   00  F4  00  00  00  00  00  00 0033301510 07.05.2022 14:10:08.135 0030958108 0675314032
RX 0000321 EFF 0CFF1C00 8 HEX   00  00  02  7D  00  00  00  00 0033303325 07.05.2022 14:10:08.135 0030958108 0675314032
RX 0000322 EFF 14FF1017 8 HEX   00  00  00  00  00  00  AA  02 0033307844 07.05.2022 14:10:08.135 0030958108 0675314032
RX 0000323 EFF 14FF1117 8 HEX   00  00  00  A1  00  00  00  00 0033308427 07.05.2022 14:10:08.135 0030958108 0675314032
RX 0000324 EFF 14FF1705 8 HEX   0F  00  71  CA  97  0C  00  FA 0033309987 07.05.2022 14:10:08.135 0030958108 0675314032
RX 0000325 EFF 18FEF000 8 HEX   FF  FF  FF  00  00  CF  FF  FF 0033313002 07.05.2022 14:10:08.155 0030958108 0675514032
RX 0000326 EFF 14FF1505 8 HEX   70  04  01  00  C3  FF  FF  FF 0033319745 07.05.2022 14:10:08.155 0030958108 0675514032
RX 0000327 EFF 14000003 8 HEX   C0  AA  AA  FA  FF  FF  FF  FF 0033329929 07.05.2022 14:10:08.155 0030958108 0675514032
RX 0000328 EFF 0CFF1D00 8 HEX   00  00  40  00  55  FF  F3  0C 0033333440 07.05.2022 14:10:08.185 0030958108 0675814032
RX 0000329 EFF 14FF0C03 8 HEX   1F  07  18  02  94  00  04  7D 0033339927 07.05.2022 14:10:08.185 0030958108 0675814032
RX 0000330 EFF 14FF1605 8 HEX   7D  7D  7D  7D  EE  00  E8  03 0033349790 07.05.2022 14:10:08.185 0030958108 0675814032
RX 0000331 EFF 14FF2503 8 HEX   00  FF  FF  FF  FF  FF  FF  FF 0033350374 07.05.2022 14:10:08.185 0030958108 0675814032
RX 0000332 EFF 0CFF1C00 8 HEX   00  00  02  7D  00  00  00  00 0033353133 07.05.2022 14:10:08.185 0030958108 0675814032
RX 0000333 EFF 14FF1017 8 HEX   00  00  00  00  00  00  AA  02 0033357860 07.05.2022 14:10:08.185 0030958108 0675814032
RX 0000334 EFF 14FF1117 8 HEX   00  00  00  A1  00  00  00  00 0033358443 07.05.2022 14:10:08.185 0030958108 0675814032
RX 0000335 EFF 14FF0728 8 HEX   00  F4  FF  1F  1F  1F  1F  1F 0033359011 07.05.2022 14:10:08.205 0030958108 0676014032
RX 0000336 EFF 14FF1805 8 HEX   3A  88  DB  01  FC  FF  FF  FF 0033359898 07.05.2022 14:10:08.205 0030958108 0676014032
RX 0000337 EFF 14FF2303 8 HEX   00  00  00  00  00  00  00  00 0033360481 07.05.2022 14:10:08.205 0030958108 0676014032
RX 0000338 EFF 14FF0E07 8 HEX   00  00  00  00  00  03  01  FF 0033361753 07.05.2022 14:10:08.205 0030958108 0676014032
RX 0000339 EFF 14FF1307 8 HEX   07  11  58  00  00  38  31  31 0033362304 07.05.2022 14:10:08.205 0030958108 0676014032
RX 0000340 EFF 14FF2707 8 HEX   00  FC  FF  FF  FF  FF  FF  FF 0033362903 07.05.2022 14:10:08.205 0030958108 0676014032
RX 0000341 EFF 18FEE400 8 HEX   FF  3F  FF  FC  FF  3F  FF  FF 0033363487 07.05.2022 14:10:08.205 0030958108 0676014032
RX 0000342 EFF 14FEF017 8 HEX   FF  FF  FF  FF  FF  FF  00  FF 0033367894 07.05.2022 14:10:08.205 0030958108 0676014032
RX 0000343 EFF 14FF1505 8 HEX   70  04  01  00  C3  FF  FF  FF 0033369886 07.05.2022 14:10:08.205 0030958108 0676014032
RX 0000344 EFF 14FF2807 8 HEX   7D  7D  7D  7D  7D  19  11  01 0033371461 07.05.2022 14:10:08.205 0030958108 0676014032
RX 0000345 EFF 18FF4605 8 HEX   FF  00  FF  FF  FF  FF  FF  FF 0033379741 07.05.2022 14:10:08.205 0030958108 0676014032
RX 0000346 EFF 14000003 8 HEX   C0  AA  AA  FA  FF  FF  FF  FF 0033380309 07.05.2022 14:10:08.205 0030958108 0676014032
RX 0000347 EFF 14FF1407 8 HEX   00  00  CF  30  CF  3C  EC  EC 0033381452 07.05.2022 14:10:08.205 0030958108 0676014032
RX 0000348 EFF 18FF6005 8 HEX   AB  8E  8C  2F  51  08  6E  47 0033389731 07.05.2022 14:10:08.245 0030958108 0676414032
RX 0000349 EFF 14FF1605 8 HEX   7D  7D  7D  7D  EE  00  E8  03 0033399754 07.05.2022 14:10:08.245 0030958108 0676414032
RX 0000350 EFF 14FF2503 8 HEX   00  FF  FF  FF  FF  FF  FF  FF 0033400338 07.05.2022 14:10:08.245 0030958108 0676414032
RX 0000351 EFF 14FF0F07 8 HEX   00  F4  00  00  00  00  00  00 0033401497 07.05.2022 14:10:08.245 0030958108 0676414032
RX 0000352 EFF 0CFF1C00 8 HEX   00  00  02  7D  00  00  00  00 0033403328 07.05.2022 14:10:08.245 0030958108 0676414032
RX 0000353 EFF 14FF1017 8 HEX   00  00  00  00  00  00  AA  02 0033407864 07.05.2022 14:10:08.245 0030958108 0676414032
RX 0000354 EFF 14FF1117 8 HEX   00  00  00  A1  00  00  00  00 0033408431 07.05.2022 14:10:08.245 0030958108 0676414032
RX 0000355 EFF 14FF1705 8 HEX   0F  00  71  CA  97  0C  00  FA 0033410006 07.05.2022 14:10:08.245 0030958108 0676414032
RX 0000356 EFF 18FEF000 8 HEX   FF  FF  FF  00  00  CF  FF  FF 0033413005 07.05.2022 14:10:08.245 0030958108 0676414032
RX 0000357 EFF 14FF1505 8 HEX   70  04  01  00  C3  FF  FF  FF 0033419749 07.05.2022 14:10:08.245 0030958108 0676414032
RX 0000358 EFF 14000003 8 HEX   C0  AA  AA  FA  FF  FF  FF  FF 0033429948 07.05.2022 14:10:08.285 0030958108 0676814032
RX 0000359 EFF 14FF0C03 8 HEX   1F  07  18  02  94  00  04  7D 0033439923 07.05.2022 14:10:08.285 0030958108 0676814032
RX 0000360 EFF 14FF1605 8 HEX   7D  7D  7D  7D  EE  00  E8  03 0033449787 07.05.2022 14:10:08.285 0030958108 0676814032
RX 0000361 EFF 14FF2503 8 HEX   00  FF  FF  FF  FF  FF  FF  FF 0033450386 07.05.2022 14:10:08.285 0030958108 0676814032
RX 0000362 EFF 0CFF1C00 8 HEX   00  00  02  7D  00  00  00  00 0033453146 07.05.2022 14:10:08.285 0030958108 0676814032
RX 0000363 EFF 14FF1017 8 HEX   00  00  00  00  00  00  AA  02 0033457873 07.05.2022 14:10:08.285 0030958108 0676814032
RX 0000364 EFF 14FF1117 8 HEX   00  00  00  A1  00  00  00  00 0033458456 07.05.2022 14:10:08.285 0030958108 0676814032
RX 0000365 EFF 14FF0728 8 HEX   00  F4  FF  1F  1F  1F  1F  1F 0033459023 07.05.2022 14:10:08.285 0030958108 0676814032
RX 0000366 EFF 14FF1805 8 HEX   39  88  D9  01  FC  FF  FF  FF 0033459894 07.05.2022 14:10:08.285 0030958108 0676814032
RX 0000367 EFF 14FF2303 8 HEX   00  00  00  00  00  00  00  00 0033460494 07.05.2022 14:10:08.285 0030958108 0676814032
RX 0000368 EFF 14FF0E07 8 HEX   00  00  00  00  00  03  01  FF 0033461765 07.05.2022 14:10:08.285 0030958108 0676814032
RX 0000369 EFF 14FF1307 8 HEX   07  11  58  00  00  38  31  31 0033462316 07.05.2022 14:10:08.295 0030958108 0676914032
RX 0000370 EFF 14FF2707 8 HEX   00  FC  FF  FF  FF  FF  FF  FF 0033462915 07.05.2022 14:10:08.295 0030958108 0676914032
RX 0000371 EFF 14FEF017 8 HEX   FF  FF  FF  FF  FF  FF  00  FF 0033467851 07.05.2022 14:10:08.315 0030958108 0677114032
RX 0000372 EFF 14FF1505 8 HEX   70  04  01  00  C3  FF  FF  FF 0033469890 07.05.2022 14:10:08.315 0030958108 0677114032
RX 0000373 EFF 14FF2807 8 HEX   7D  7D  7D  7D  7D  19  11  01 0033471450 07.05.2022 14:10:08.315 0030958108 0677114032
RX 0000374 EFF 14000003 8 HEX   C0  AA  AA  FA  FF  FF  FF  FF 0033479953 07.05.2022 14:10:08.315 0030958108 0677114032
RX 0000375 EFF 14FF1407 8 HEX   00  00  CF  30  CF  3C  EC  EC 0033481432 07.05.2022 14:10:08.315 0030958108 0677114032
RX 0000376 EFF 14FF1605 8 HEX   7D  7D  7D  7D  EE  00  E8  03 0033499759 07.05.2022 14:10:08.335 0030958108 0677314032
RX 0000377 EFF 14FF2503 8 HEX   00  FF  FF  FF  FF  FF  FF  FF 0033500343 07.05.2022 14:10:08.335 0030958108 0677314032
RX 0000378 EFF 14FF0F07 8 HEX   00  F4  00  00  00  00  00  00 0033501502 07.05.2022 14:10:08.335 0030958108 0677314032
RX 0000379 EFF 0CFF1C00 8 HEX   00  00  02  7D  00  00  00  00 0033503334 07.05.2022 14:10:08.335 0030958108 0677314032
RX 0000380 EFF 14FF1017 8 HEX   00  00  00  00  00  00  AA  02 0033507853 07.05.2022 14:10:08.335 0030958108 0677314032
RX 0000381 EFF 14FF1117 8 HEX   00  00  00  A1  00  00  00  00 0033508436 07.05.2022 14:10:08.335 0030958108 0677314032
RX 0000382 EFF 14FF1705 8 HEX   0F  00  71  CA  97  0C  00  FA 0033509995 07.05.2022 14:10:08.355 0030958108 0677514032
RX 0000383 EFF 18FEF000 8 HEX   FF  FF  FF  00  00  CF  FF  FF 0033513010 07.05.2022 14:10:08.355 0030958108 0677514032
RX 0000384 EFF 14FF1505 8 HEX   70  04  01  00  C3  FF  FF  FF 0033519769 07.05.2022 14:10:08.355 0030958108 0677514032
RX 0000385 EFF 14000003 8 HEX   C0  AA  AA  FA  FF  FF  FF  FF 0033529953 07.05.2022 14:10:08.375 0030958108 0677714032
RX 0000386 EFF 14FF0C03 8 HEX   1F  07  18  02  94  00  04  7D 0033539928 07.05.2022 14:10:08.375 0030958108 0677714032
RX 0000387 EFF 14FF1605 8 HEX   7D  7D  7D  7D  EE  00  E8  03 0033549791 07.05.2022 14:10:08.405 0030958108 0678014032
RX 0000388 EFF 14FF1A03 8 HEX   00  CC  FA  EE  00  00  19  7E 0033550359 07.05.2022 14:10:08.405 0030958108 0678014032
RX 0000389 EFF 0CFF1C00 8 HEX   00  00  02  7D  00  00  00  00 0033553150 07.05.2022 14:10:08.405 0030958108 0678014032
RX 0000390 EFF 14FF1017 8 HEX   00  00  00  00  00  00  AA  02 0033557909 07.05.2022 14:10:08.405 0030958108 0678014032
RX 0000391 EFF 14FF1117 8 HEX   00  00  00  A1  00  00  00  00 0033558476 07.05.2022 14:10:08.405 0030958108 0678014032
RX 0000392 EFF 14FF0728 8 HEX   00  F4  FF  1F  1F  1F  1F  1F 0033559057 07.05.2022 14:10:08.405 0030958108 0678014032
RX 0000393 EFF 14FF1805 8 HEX   3A  88  DB  01  FC  FF  FF  FF 0033559929 07.05.2022 14:10:08.405 0030958108 0678014032
RX 0000394 EFF 14FF2303 8 HEX   00  00  00  00  00  00  00  00 0033560512 07.05.2022 14:10:08.405 0030958108 0678014032
RX 0000395 EFF 14FF0E07 8 HEX   00  00  00  00  00  03  01  FF 0033561783 07.05.2022 14:10:08.405 0030958108 0678014032
RX 0000396 EFF 14FF1307 8 HEX   07  11  58  00  00  38  31  31 0033562334 07.05.2022 14:10:08.405 0030958108 0678014032
RX 0000397 EFF 14FF2707 8 HEX   00  FC  FF  FF  FF  FF  FF  FF 0033562933 07.05.2022 14:10:08.405 0030958108 0678014032
RX 0000398 EFF 14FEF017 8 HEX   FF  FF  FF  FF  FF  FF  00  FF 0033567869 07.05.2022 14:10:08.405 0030958108 0678014032
RX 0000399 EFF 14FF1505 8 HEX   70  04  01  00  C3  FF  FF  FF 0033569892 07.05.2022 14:10:08.405 0030958108 0678014032
